{"/home/saketm/React/blinklist/src/components/atoms/Avatar/index.tsx": {"path":"/home/saketm/React/blinklist/src/components/atoms/Avatar/index.tsx","statementMap":{"0":{"start":{"line":7,"column":14},"end":{"line":13,"column":1}},"1":{"start":{"line":8,"column":2},"end":{"line":12,"column":3}}},"fnMap":{"0":{"name":"(anonymous_0)","decl":{"start":{"line":7,"column":14},"end":{"line":7,"column":15}},"loc":{"start":{"line":7,"column":37},"end":{"line":13,"column":1}},"line":7}},"branchMap":{},"s":{"0":1,"1":14},"f":{"0":14},"b":{},"_coverageSchema":"1a1c01bbd47fc00a2c39e90264f33305004495a9","hash":"85ba2c6e55fe6ddb7474c23a68f9d6d32988dc11"}
,"/home/saketm/React/blinklist/src/components/atoms/Buttons/Buttons.tsx": {"path":"/home/saketm/React/blinklist/src/components/atoms/Buttons/Buttons.tsx","statementMap":{"0":{"start":{"line":15,"column":16},"end":{"line":17,"column":1}},"1":{"start":{"line":16,"column":2},"end":{"line":16,"column":47}}},"fnMap":{"0":{"name":"(anonymous_0)","decl":{"start":{"line":15,"column":16},"end":{"line":15,"column":17}},"loc":{"start":{"line":15,"column":56},"end":{"line":17,"column":1}},"line":15}},"branchMap":{},"s":{"0":1,"1":298},"f":{"0":298},"b":{},"_coverageSchema":"1a1c01bbd47fc00a2c39e90264f33305004495a9","hash":"eb62e499876ed66fe18a3530ece798878b206620"}
,"/home/saketm/React/blinklist/src/components/atoms/CustomTypo/index.tsx": {"path":"/home/saketm/React/blinklist/src/components/atoms/CustomTypo/index.tsx","statementMap":{"0":{"start":{"line":22,"column":14},"end":{"line":33,"column":1}},"1":{"start":{"line":23,"column":2},"end":{"line":32,"column":4}}},"fnMap":{"0":{"name":"(anonymous_0)","decl":{"start":{"line":22,"column":14},"end":{"line":22,"column":15}},"loc":{"start":{"line":22,"column":42},"end":{"line":33,"column":1}},"line":22}},"branchMap":{},"s":{"0":1,"1":697},"f":{"0":697},"b":{},"_coverageSchema":"1a1c01bbd47fc00a2c39e90264f33305004495a9","hash":"dc799f2d14351ee06603762195059de22c95b159"}
,"/home/saketm/React/blinklist/src/components/molecules/AddToLibrary/index.tsx": {"path":"/home/saketm/React/blinklist/src/components/molecules/AddToLibrary/index.tsx","statementMap":{"0":{"start":{"line":15,"column":14},"end":{"line":29,"column":1}},"1":{"start":{"line":16,"column":18},"end":{"line":16,"column":32}},"2":{"start":{"line":17,"column":2},"end":{"line":28,"column":4}},"3":{"start":{"line":23,"column":23},"end":{"line":23,"column":42}}},"fnMap":{"0":{"name":"(anonymous_0)","decl":{"start":{"line":15,"column":14},"end":{"line":15,"column":15}},"loc":{"start":{"line":15,"column":38},"end":{"line":29,"column":1}},"line":15},"1":{"name":"(anonymous_1)","decl":{"start":{"line":23,"column":17},"end":{"line":23,"column":18}},"loc":{"start":{"line":23,"column":23},"end":{"line":23,"column":42}},"line":23}},"branchMap":{},"s":{"0":1,"1":18,"2":18,"3":0},"f":{"0":18,"1":0},"b":{},"_coverageSchema":"1a1c01bbd47fc00a2c39e90264f33305004495a9","hash":"26821f7443bde55cee32ecee8389052490f0ee01"}
,"/home/saketm/React/blinklist/src/components/molecules/AvatarWithIcon/index.tsx": {"path":"/home/saketm/React/blinklist/src/components/molecules/AvatarWithIcon/index.tsx","statementMap":{"0":{"start":{"line":6,"column":14},"end":{"line":13,"column":1}},"1":{"start":{"line":7,"column":2},"end":{"line":12,"column":3}}},"fnMap":{"0":{"name":"(anonymous_0)","decl":{"start":{"line":6,"column":14},"end":{"line":6,"column":15}},"loc":{"start":{"line":6,"column":20},"end":{"line":13,"column":1}},"line":6}},"branchMap":{},"s":{"0":1,"1":14},"f":{"0":14},"b":{},"_coverageSchema":"1a1c01bbd47fc00a2c39e90264f33305004495a9","hash":"3ab1e324e7c2d93b23a5b1324717a91456da0ac0"}
,"/home/saketm/React/blinklist/src/components/molecules/Banner/Banner.tsx": {"path":"/home/saketm/React/blinklist/src/components/molecules/Banner/Banner.tsx","statementMap":{"0":{"start":{"line":8,"column":15},"end":{"line":29,"column":1}},"1":{"start":{"line":9,"column":18},"end":{"line":9,"column":32}},"2":{"start":{"line":10,"column":2},"end":{"line":28,"column":4}}},"fnMap":{"0":{"name":"(anonymous_0)","decl":{"start":{"line":8,"column":15},"end":{"line":8,"column":16}},"loc":{"start":{"line":8,"column":21},"end":{"line":29,"column":1}},"line":8}},"branchMap":{},"s":{"0":1,"1":13,"2":13},"f":{"0":13},"b":{},"_coverageSchema":"1a1c01bbd47fc00a2c39e90264f33305004495a9","hash":"0f11f7ad6976f21aec72b4633504bba79bd53596"}
,"/home/saketm/React/blinklist/src/components/molecules/Banner/Bleft/Bleft.tsx": {"path":"/home/saketm/React/blinklist/src/components/molecules/Banner/Bleft/Bleft.tsx","statementMap":{"0":{"start":{"line":6,"column":14},"end":{"line":35,"column":1}},"1":{"start":{"line":7,"column":18},"end":{"line":7,"column":32}},"2":{"start":{"line":8,"column":2},"end":{"line":34,"column":4}}},"fnMap":{"0":{"name":"(anonymous_0)","decl":{"start":{"line":6,"column":14},"end":{"line":6,"column":15}},"loc":{"start":{"line":6,"column":20},"end":{"line":35,"column":1}},"line":6}},"branchMap":{},"s":{"0":1,"1":13,"2":13},"f":{"0":13},"b":{},"_coverageSchema":"1a1c01bbd47fc00a2c39e90264f33305004495a9","hash":"e1a39571894954b5b2aba8ee087d61cc25ab8a42"}
,"/home/saketm/React/blinklist/src/components/molecules/Cards/AddLibCard/index.tsx": {"path":"/home/saketm/React/blinklist/src/components/molecules/Cards/AddLibCard/index.tsx","statementMap":{"0":{"start":{"line":28,"column":14},"end":{"line":77,"column":1}},"1":{"start":{"line":29,"column":18},"end":{"line":29,"column":32}},"2":{"start":{"line":31,"column":2},"end":{"line":76,"column":4}},"3":{"start":{"line":73,"column":41},"end":{"line":73,"column":68}}},"fnMap":{"0":{"name":"(anonymous_0)","decl":{"start":{"line":28,"column":14},"end":{"line":28,"column":15}},"loc":{"start":{"line":28,"column":37},"end":{"line":77,"column":1}},"line":28},"1":{"name":"(anonymous_1)","decl":{"start":{"line":73,"column":35},"end":{"line":73,"column":36}},"loc":{"start":{"line":73,"column":41},"end":{"line":73,"column":68}},"line":73}},"branchMap":{},"s":{"0":1,"1":18,"2":18,"3":0},"f":{"0":18,"1":0},"b":{},"_coverageSchema":"1a1c01bbd47fc00a2c39e90264f33305004495a9","hash":"09cd0b283273e552a59d27da12b689ef013b46c4"}
,"/home/saketm/React/blinklist/src/components/molecules/Cards/RFCard/index.tsx": {"path":"/home/saketm/React/blinklist/src/components/molecules/Cards/RFCard/index.tsx","statementMap":{"0":{"start":{"line":21,"column":14},"end":{"line":333,"column":1}},"1":{"start":{"line":22,"column":18},"end":{"line":22,"column":32}},"2":{"start":{"line":23,"column":2},"end":{"line":332,"column":4}},"3":{"start":{"line":79,"column":29},"end":{"line":79,"column":72}},"4":{"start":{"line":91,"column":29},"end":{"line":91,"column":72}}},"fnMap":{"0":{"name":"(anonymous_0)","decl":{"start":{"line":21,"column":14},"end":{"line":21,"column":15}},"loc":{"start":{"line":21,"column":37},"end":{"line":333,"column":1}},"line":21},"1":{"name":"(anonymous_1)","decl":{"start":{"line":79,"column":23},"end":{"line":79,"column":24}},"loc":{"start":{"line":79,"column":29},"end":{"line":79,"column":72}},"line":79},"2":{"name":"(anonymous_2)","decl":{"start":{"line":91,"column":23},"end":{"line":91,"column":24}},"loc":{"start":{"line":91,"column":29},"end":{"line":91,"column":72}},"line":91}},"branchMap":{"0":{"loc":{"start":{"line":76,"column":11},"end":{"line":101,"column":11}},"type":"cond-expr","locations":[{"start":{"line":77,"column":12},"end":{"line":87,"column":22}},{"start":{"line":89,"column":12},"end":{"line":100,"column":22}}],"line":76},"1":{"loc":{"start":{"line":105,"column":9},"end":{"line":126,"column":9}},"type":"cond-expr","locations":[{"start":{"line":106,"column":10},"end":{"line":112,"column":13}},{"start":{"line":114,"column":10},"end":{"line":125,"column":17}}],"line":105}},"s":{"0":1,"1":0,"2":0,"3":0,"4":0},"f":{"0":0,"1":0,"2":0},"b":{"0":[0,0],"1":[0,0]},"_coverageSchema":"1a1c01bbd47fc00a2c39e90264f33305004495a9","hash":"0aa5136a10137c6e7790d255d50d5e0aa57865eb"}
,"/home/saketm/React/blinklist/src/components/molecules/Footer/index.tsx": {"path":"/home/saketm/React/blinklist/src/components/molecules/Footer/index.tsx","statementMap":{"0":{"start":{"line":8,"column":14},"end":{"line":45,"column":1}},"1":{"start":{"line":9,"column":18},"end":{"line":9,"column":32}},"2":{"start":{"line":10,"column":2},"end":{"line":44,"column":4}}},"fnMap":{"0":{"name":"(anonymous_0)","decl":{"start":{"line":8,"column":14},"end":{"line":8,"column":15}},"loc":{"start":{"line":8,"column":20},"end":{"line":45,"column":1}},"line":8}},"branchMap":{},"s":{"0":1,"1":13,"2":13},"f":{"0":13},"b":{},"_coverageSchema":"1a1c01bbd47fc00a2c39e90264f33305004495a9","hash":"689366b5de6416b869faa35290aa72295515f01a"}
,"/home/saketm/React/blinklist/src/components/molecules/Footer/Fleft/index.tsx": {"path":"/home/saketm/React/blinklist/src/components/molecules/Footer/Fleft/index.tsx","statementMap":{"0":{"start":{"line":8,"column":14},"end":{"line":39,"column":1}},"1":{"start":{"line":9,"column":18},"end":{"line":9,"column":32}},"2":{"start":{"line":10,"column":2},"end":{"line":38,"column":4}}},"fnMap":{"0":{"name":"(anonymous_0)","decl":{"start":{"line":8,"column":14},"end":{"line":8,"column":15}},"loc":{"start":{"line":8,"column":20},"end":{"line":39,"column":1}},"line":8}},"branchMap":{},"s":{"0":1,"1":13,"2":13},"f":{"0":13},"b":{},"_coverageSchema":"1a1c01bbd47fc00a2c39e90264f33305004495a9","hash":"ae981b2225f21486b13d858129607981dbf36d6a"}
,"/home/saketm/React/blinklist/src/components/molecules/Footer/Fright/index.tsx": {"path":"/home/saketm/React/blinklist/src/components/molecules/Footer/Fright/index.tsx","statementMap":{"0":{"start":{"line":6,"column":14},"end":{"line":193,"column":1}},"1":{"start":{"line":7,"column":18},"end":{"line":7,"column":32}},"2":{"start":{"line":8,"column":2},"end":{"line":192,"column":4}}},"fnMap":{"0":{"name":"(anonymous_0)","decl":{"start":{"line":6,"column":14},"end":{"line":6,"column":15}},"loc":{"start":{"line":6,"column":20},"end":{"line":193,"column":1}},"line":6}},"branchMap":{},"s":{"0":1,"1":13,"2":13},"f":{"0":13},"b":{},"_coverageSchema":"1a1c01bbd47fc00a2c39e90264f33305004495a9","hash":"b5f30839d9a53b8d381b3349bfa85179304b71f4"}
,"/home/saketm/React/blinklist/src/components/molecules/IconWithText/index.tsx": {"path":"/home/saketm/React/blinklist/src/components/molecules/IconWithText/index.tsx","statementMap":{"0":{"start":{"line":19,"column":14},"end":{"line":58,"column":1}},"1":{"start":{"line":20,"column":18},"end":{"line":20,"column":32}},"2":{"start":{"line":21,"column":2},"end":{"line":57,"column":4}}},"fnMap":{"0":{"name":"(anonymous_0)","decl":{"start":{"line":19,"column":14},"end":{"line":19,"column":15}},"loc":{"start":{"line":19,"column":68},"end":{"line":58,"column":1}},"line":19}},"branchMap":{},"s":{"0":1,"1":36,"2":36},"f":{"0":36},"b":{},"_coverageSchema":"1a1c01bbd47fc00a2c39e90264f33305004495a9","hash":"f9f0c7a1353030b13f079c3b48f883d63c004a59"}
,"/home/saketm/React/blinklist/src/components/organisms/CardsGrid/index.tsx": {"path":"/home/saketm/React/blinklist/src/components/organisms/CardsGrid/index.tsx","statementMap":{"0":{"start":{"line":27,"column":14},"end":{"line":51,"column":1}},"1":{"start":{"line":28,"column":2},"end":{"line":50,"column":4}},"2":{"start":{"line":31,"column":8},"end":{"line":47,"column":10}}},"fnMap":{"0":{"name":"(anonymous_0)","decl":{"start":{"line":27,"column":14},"end":{"line":27,"column":15}},"loc":{"start":{"line":27,"column":39},"end":{"line":51,"column":1}},"line":27},"1":{"name":"(anonymous_1)","decl":{"start":{"line":30,"column":25},"end":{"line":30,"column":26}},"loc":{"start":{"line":30,"column":45},"end":{"line":48,"column":7}},"line":30}},"branchMap":{"0":{"loc":{"start":{"line":33,"column":13},"end":{"line":45,"column":13}},"type":"cond-expr","locations":[{"start":{"line":34,"column":14},"end":{"line":38,"column":16}},{"start":{"line":40,"column":14},"end":{"line":44,"column":16}}],"line":33}},"s":{"0":1,"1":39,"2":18},"f":{"0":39,"1":18},"b":{"0":[18,0]},"_coverageSchema":"1a1c01bbd47fc00a2c39e90264f33305004495a9","hash":"dc20ac62d4a60dd09890c4adfb4a16e4e4fe6751"}
,"/home/saketm/React/blinklist/src/components/organisms/Explore/index.tsx": {"path":"/home/saketm/React/blinklist/src/components/organisms/Explore/index.tsx","statementMap":{"0":{"start":{"line":26,"column":17},"end":{"line":99,"column":1}},"1":{"start":{"line":105,"column":14},"end":{"line":184,"column":1}},"2":{"start":{"line":106,"column":18},"end":{"line":106,"column":32}},"3":{"start":{"line":107,"column":22},"end":{"line":118,"column":4}},"4":{"start":{"line":108,"column":4},"end":{"line":117,"column":6}},"5":{"start":{"line":120,"column":2},"end":{"line":183,"column":4}},"6":{"start":{"line":174,"column":12},"end":{"line":178,"column":14}}},"fnMap":{"0":{"name":"(anonymous_0)","decl":{"start":{"line":105,"column":14},"end":{"line":105,"column":15}},"loc":{"start":{"line":105,"column":43},"end":{"line":184,"column":1}},"line":105},"1":{"name":"(anonymous_1)","decl":{"start":{"line":107,"column":35},"end":{"line":107,"column":36}},"loc":{"start":{"line":107,"column":46},"end":{"line":118,"column":3}},"line":107},"2":{"name":"(anonymous_2)","decl":{"start":{"line":173,"column":27},"end":{"line":173,"column":28}},"loc":{"start":{"line":173,"column":44},"end":{"line":179,"column":11}},"line":173}},"branchMap":{},"s":{"0":1,"1":1,"2":14,"3":14,"4":252,"5":14,"6":252},"f":{"0":14,"1":252,"2":252},"b":{},"_coverageSchema":"1a1c01bbd47fc00a2c39e90264f33305004495a9","hash":"38b572db423eed82f4c12307379e3523df5ec97c"}
,"/home/saketm/React/blinklist/src/components/organisms/Header/index.tsx": {"path":"/home/saketm/React/blinklist/src/components/organisms/Header/index.tsx","statementMap":{"0":{"start":{"line":19,"column":14},"end":{"line":152,"column":1}},"1":{"start":{"line":20,"column":29},"end":{"line":20,"column":44}},"2":{"start":{"line":21,"column":19},"end":{"line":21,"column":32}},"3":{"start":{"line":22,"column":18},"end":{"line":22,"column":32}},"4":{"start":{"line":24,"column":2},"end":{"line":151,"column":4}},"5":{"start":{"line":69,"column":29},"end":{"line":69,"column":46}},"6":{"start":{"line":95,"column":27},"end":{"line":95,"column":40}},"7":{"start":{"line":119,"column":41},"end":{"line":119,"column":65}}},"fnMap":{"0":{"name":"(anonymous_0)","decl":{"start":{"line":19,"column":14},"end":{"line":19,"column":15}},"loc":{"start":{"line":19,"column":20},"end":{"line":152,"column":1}},"line":19},"1":{"name":"(anonymous_1)","decl":{"start":{"line":69,"column":23},"end":{"line":69,"column":24}},"loc":{"start":{"line":69,"column":29},"end":{"line":69,"column":46}},"line":69},"2":{"name":"(anonymous_2)","decl":{"start":{"line":95,"column":21},"end":{"line":95,"column":22}},"loc":{"start":{"line":95,"column":27},"end":{"line":95,"column":40}},"line":95},"3":{"name":"(anonymous_3)","decl":{"start":{"line":119,"column":35},"end":{"line":119,"column":36}},"loc":{"start":{"line":119,"column":41},"end":{"line":119,"column":65}},"line":119}},"branchMap":{"0":{"loc":{"start":{"line":68,"column":23},"end":{"line":68,"column":76}},"type":"cond-expr","locations":[{"start":{"line":68,"column":33},"end":{"line":68,"column":52}},{"start":{"line":68,"column":55},"end":{"line":68,"column":76}}],"line":68},"1":{"loc":{"start":{"line":116,"column":19},"end":{"line":116,"column":61}},"type":"cond-expr","locations":[{"start":{"line":116,"column":29},"end":{"line":116,"column":44}},{"start":{"line":116,"column":47},"end":{"line":116,"column":61}}],"line":116}},"s":{"0":1,"1":14,"2":14,"3":14,"4":14,"5":1,"6":1,"7":0},"f":{"0":14,"1":1,"2":1,"3":0},"b":{"0":[4,10],"1":[4,10]},"_coverageSchema":"1a1c01bbd47fc00a2c39e90264f33305004495a9","hash":"13c6073c2527edf4dbea68d374a8cd7f625b6cf4"}
,"/home/saketm/React/blinklist/src/components/pages/ExplorePage/Index.tsx": {"path":"/home/saketm/React/blinklist/src/components/pages/ExplorePage/Index.tsx","statementMap":{"0":{"start":{"line":18,"column":14},"end":{"line":119,"column":1}},"1":{"start":{"line":19,"column":18},"end":{"line":19,"column":32}},"2":{"start":{"line":20,"column":19},"end":{"line":20,"column":32}},"3":{"start":{"line":22,"column":34},"end":{"line":22,"column":46}},"4":{"start":{"line":23,"column":2},"end":{"line":27,"column":9}},"5":{"start":{"line":24,"column":4},"end":{"line":26,"column":7}},"6":{"start":{"line":25,"column":6},"end":{"line":25,"column":28}},"7":{"start":{"line":29,"column":36},"end":{"line":29,"column":48}},"8":{"start":{"line":30,"column":2},"end":{"line":34,"column":9}},"9":{"start":{"line":31,"column":4},"end":{"line":33,"column":7}},"10":{"start":{"line":32,"column":6},"end":{"line":32,"column":29}},"11":{"start":{"line":36,"column":34},"end":{"line":36,"column":46}},"12":{"start":{"line":37,"column":2},"end":{"line":41,"column":9}},"13":{"start":{"line":38,"column":4},"end":{"line":40,"column":7}},"14":{"start":{"line":39,"column":6},"end":{"line":39,"column":28}},"15":{"start":{"line":43,"column":22},"end":{"line":46,"column":3}},"16":{"start":{"line":44,"column":4},"end":{"line":44,"column":20}},"17":{"start":{"line":45,"column":4},"end":{"line":45,"column":38}},"18":{"start":{"line":48,"column":2},"end":{"line":118,"column":4}}},"fnMap":{"0":{"name":"(anonymous_0)","decl":{"start":{"line":18,"column":14},"end":{"line":18,"column":15}},"loc":{"start":{"line":18,"column":20},"end":{"line":119,"column":1}},"line":18},"1":{"name":"(anonymous_1)","decl":{"start":{"line":23,"column":12},"end":{"line":23,"column":13}},"loc":{"start":{"line":23,"column":18},"end":{"line":27,"column":3}},"line":23},"2":{"name":"(anonymous_2)","decl":{"start":{"line":24,"column":59},"end":{"line":24,"column":60}},"loc":{"start":{"line":24,"column":68},"end":{"line":26,"column":5}},"line":24},"3":{"name":"(anonymous_3)","decl":{"start":{"line":30,"column":12},"end":{"line":30,"column":13}},"loc":{"start":{"line":30,"column":18},"end":{"line":34,"column":3}},"line":30},"4":{"name":"(anonymous_4)","decl":{"start":{"line":31,"column":54},"end":{"line":31,"column":55}},"loc":{"start":{"line":31,"column":63},"end":{"line":33,"column":5}},"line":31},"5":{"name":"(anonymous_5)","decl":{"start":{"line":37,"column":12},"end":{"line":37,"column":13}},"loc":{"start":{"line":37,"column":18},"end":{"line":41,"column":3}},"line":37},"6":{"name":"(anonymous_6)","decl":{"start":{"line":38,"column":53},"end":{"line":38,"column":54}},"loc":{"start":{"line":38,"column":62},"end":{"line":40,"column":5}},"line":38},"7":{"name":"(anonymous_7)","decl":{"start":{"line":43,"column":22},"end":{"line":43,"column":23}},"loc":{"start":{"line":43,"column":38},"end":{"line":46,"column":3}},"line":43}},"branchMap":{},"s":{"0":1,"1":14,"2":13,"3":13,"4":13,"5":3,"6":3,"7":13,"8":13,"9":3,"10":3,"11":13,"12":13,"13":3,"14":3,"15":13,"16":0,"17":0,"18":13},"f":{"0":14,"1":3,"2":3,"3":3,"4":3,"5":3,"6":3,"7":0},"b":{},"_coverageSchema":"1a1c01bbd47fc00a2c39e90264f33305004495a9","hash":"164c6b95388021ee710d1f6bdbc3395a10264d4e"}
,"/home/saketm/React/blinklist/src/components/templates/Template1.tsx": {"path":"/home/saketm/React/blinklist/src/components/templates/Template1.tsx","statementMap":{"0":{"start":{"line":10,"column":18},"end":{"line":80,"column":1}},"1":{"start":{"line":11,"column":2},"end":{"line":79,"column":4}}},"fnMap":{"0":{"name":"(anonymous_0)","decl":{"start":{"line":10,"column":18},"end":{"line":10,"column":19}},"loc":{"start":{"line":10,"column":66},"end":{"line":80,"column":1}},"line":10}},"branchMap":{},"s":{"0":1,"1":13},"f":{"0":13},"b":{},"_coverageSchema":"1a1c01bbd47fc00a2c39e90264f33305004495a9","hash":"7cebf42c870cd23330fe5949906c8af143c00017"}
,"/home/saketm/React/blinklist/src/theme/index.tsx": {"path":"/home/saketm/React/blinklist/src/theme/index.tsx","statementMap":{"0":{"start":{"line":28,"column":20},"end":{"line":82,"column":2}},"1":{"start":{"line":85,"column":19},"end":{"line":261,"column":2}}},"fnMap":{},"branchMap":{},"s":{"0":1,"1":1},"f":{},"b":{},"_coverageSchema":"1a1c01bbd47fc00a2c39e90264f33305004495a9","hash":"93cc0bcbefea7e8a96c51af7600a83efeec1baa4"}
}
