{"/home/saketm/React/blinklist/src/App.tsx": {"path":"/home/saketm/React/blinklist/src/App.tsx","statementMap":{"0":{"start":{"line":18,"column":41},"end":{"line":18,"column":51}},"1":{"start":{"line":19,"column":2},"end":{"line":21,"column":3}},"2":{"start":{"line":20,"column":4},"end":{"line":20,"column":47}},"3":{"start":{"line":23,"column":2},"end":{"line":45,"column":3}},"4":{"start":{"line":24,"column":4},"end":{"line":38,"column":6}},"5":{"start":{"line":40,"column":4},"end":{"line":44,"column":6}}},"fnMap":{"0":{"name":"App","decl":{"start":{"line":17,"column":9},"end":{"line":17,"column":12}},"loc":{"start":{"line":17,"column":15},"end":{"line":46,"column":1}},"line":17}},"branchMap":{"0":{"loc":{"start":{"line":19,"column":2},"end":{"line":21,"column":3}},"type":"if","locations":[{"start":{"line":19,"column":2},"end":{"line":21,"column":3}},{"start":{},"end":{}}],"line":19},"1":{"loc":{"start":{"line":23,"column":2},"end":{"line":45,"column":3}},"type":"if","locations":[{"start":{"line":23,"column":2},"end":{"line":45,"column":3}},{"start":{"line":39,"column":9},"end":{"line":45,"column":3}}],"line":23}},"s":{"0":3,"1":3,"2":3,"3":0,"4":0,"5":0},"f":{"0":3},"b":{"0":[3,0],"1":[0,0]},"_coverageSchema":"1a1c01bbd47fc00a2c39e90264f33305004495a9","hash":"fc0a3ba3f444c9c82a930dc4051cf2fdd1bbd7f1"}
,"/home/saketm/React/blinklist/src/components/atoms/Avatar/index.tsx": {"path":"/home/saketm/React/blinklist/src/components/atoms/Avatar/index.tsx","statementMap":{"0":{"start":{"line":7,"column":14},"end":{"line":13,"column":1}},"1":{"start":{"line":8,"column":2},"end":{"line":12,"column":3}}},"fnMap":{"0":{"name":"(anonymous_0)","decl":{"start":{"line":7,"column":14},"end":{"line":7,"column":15}},"loc":{"start":{"line":7,"column":37},"end":{"line":13,"column":1}},"line":7}},"branchMap":{},"s":{"0":7,"1":47},"f":{"0":47},"b":{},"_coverageSchema":"1a1c01bbd47fc00a2c39e90264f33305004495a9","hash":"85ba2c6e55fe6ddb7474c23a68f9d6d32988dc11"}
,"/home/saketm/React/blinklist/src/components/atoms/Buttons/Buttons.tsx": {"path":"/home/saketm/React/blinklist/src/components/atoms/Buttons/Buttons.tsx","statementMap":{"0":{"start":{"line":15,"column":16},"end":{"line":17,"column":1}},"1":{"start":{"line":16,"column":2},"end":{"line":16,"column":47}}},"fnMap":{"0":{"name":"(anonymous_0)","decl":{"start":{"line":15,"column":16},"end":{"line":15,"column":17}},"loc":{"start":{"line":15,"column":56},"end":{"line":17,"column":1}},"line":15}},"branchMap":{},"s":{"0":13,"1":980},"f":{"0":980},"b":{},"_coverageSchema":"1a1c01bbd47fc00a2c39e90264f33305004495a9","hash":"eb62e499876ed66fe18a3530ece798878b206620"}
,"/home/saketm/React/blinklist/src/components/atoms/CustomTypo/index.tsx": {"path":"/home/saketm/React/blinklist/src/components/atoms/CustomTypo/index.tsx","statementMap":{"0":{"start":{"line":22,"column":14},"end":{"line":33,"column":1}},"1":{"start":{"line":23,"column":2},"end":{"line":32,"column":4}}},"fnMap":{"0":{"name":"(anonymous_0)","decl":{"start":{"line":22,"column":14},"end":{"line":22,"column":15}},"loc":{"start":{"line":22,"column":42},"end":{"line":33,"column":1}},"line":22}},"branchMap":{},"s":{"0":19,"1":1957},"f":{"0":1957},"b":{},"_coverageSchema":"1a1c01bbd47fc00a2c39e90264f33305004495a9","hash":"dc799f2d14351ee06603762195059de22c95b159"}
,"/home/saketm/React/blinklist/src/components/molecules/AddToLibrary/index.tsx": {"path":"/home/saketm/React/blinklist/src/components/molecules/AddToLibrary/index.tsx","statementMap":{"0":{"start":{"line":15,"column":14},"end":{"line":30,"column":1}},"1":{"start":{"line":16,"column":18},"end":{"line":16,"column":32}},"2":{"start":{"line":17,"column":2},"end":{"line":29,"column":4}},"3":{"start":{"line":23,"column":23},"end":{"line":23,"column":42}}},"fnMap":{"0":{"name":"(anonymous_0)","decl":{"start":{"line":15,"column":14},"end":{"line":15,"column":15}},"loc":{"start":{"line":15,"column":38},"end":{"line":30,"column":1}},"line":15},"1":{"name":"(anonymous_1)","decl":{"start":{"line":23,"column":17},"end":{"line":23,"column":18}},"loc":{"start":{"line":23,"column":23},"end":{"line":23,"column":42}},"line":23}},"branchMap":{},"s":{"0":7,"1":28,"2":28,"3":3},"f":{"0":28,"1":3},"b":{},"_coverageSchema":"1a1c01bbd47fc00a2c39e90264f33305004495a9","hash":"e775f206604631c377f73fcaa8ff2b15f2c07c30"}
,"/home/saketm/React/blinklist/src/components/molecules/AvatarWithIcon/index.tsx": {"path":"/home/saketm/React/blinklist/src/components/molecules/AvatarWithIcon/index.tsx","statementMap":{"0":{"start":{"line":15,"column":14},"end":{"line":60,"column":1}},"1":{"start":{"line":16,"column":21},"end":{"line":16,"column":31}},"2":{"start":{"line":18,"column":2},"end":{"line":59,"column":4}},"3":{"start":{"line":27,"column":21},"end":{"line":27,"column":40}},"4":{"start":{"line":50,"column":14},"end":{"line":50,"column":34}},"5":{"start":{"line":51,"column":14},"end":{"line":51,"column":59}}},"fnMap":{"0":{"name":"(anonymous_0)","decl":{"start":{"line":15,"column":14},"end":{"line":15,"column":15}},"loc":{"start":{"line":15,"column":32},"end":{"line":60,"column":1}},"line":15},"1":{"name":"(anonymous_1)","decl":{"start":{"line":27,"column":15},"end":{"line":27,"column":16}},"loc":{"start":{"line":27,"column":21},"end":{"line":27,"column":40}},"line":27},"2":{"name":"(anonymous_2)","decl":{"start":{"line":49,"column":21},"end":{"line":49,"column":22}},"loc":{"start":{"line":49,"column":27},"end":{"line":52,"column":13}},"line":49}},"branchMap":{"0":{"loc":{"start":{"line":31,"column":7},"end":{"line":57,"column":7}},"type":"cond-expr","locations":[{"start":{"line":32,"column":8},"end":{"line":34,"column":10}},{"start":{"line":36,"column":8},"end":{"line":56,"column":11}}],"line":31}},"s":{"0":6,"1":46,"2":46,"3":1,"4":0,"5":0},"f":{"0":46,"1":1,"2":0},"b":{"0":[45,1]},"_coverageSchema":"1a1c01bbd47fc00a2c39e90264f33305004495a9","hash":"3f3aec2c34c9947dfc50392d8e2a1c5d25f4b83a"}
,"/home/saketm/React/blinklist/src/components/molecules/Banner/Banner.tsx": {"path":"/home/saketm/React/blinklist/src/components/molecules/Banner/Banner.tsx","statementMap":{"0":{"start":{"line":8,"column":15},"end":{"line":29,"column":1}},"1":{"start":{"line":9,"column":18},"end":{"line":9,"column":32}},"2":{"start":{"line":10,"column":2},"end":{"line":28,"column":4}}},"fnMap":{"0":{"name":"(anonymous_0)","decl":{"start":{"line":8,"column":15},"end":{"line":8,"column":16}},"loc":{"start":{"line":8,"column":21},"end":{"line":29,"column":1}},"line":8}},"branchMap":{},"s":{"0":3,"1":19,"2":19},"f":{"0":19},"b":{},"_coverageSchema":"1a1c01bbd47fc00a2c39e90264f33305004495a9","hash":"0f11f7ad6976f21aec72b4633504bba79bd53596"}
,"/home/saketm/React/blinklist/src/components/molecules/Banner/Bleft/Bleft.tsx": {"path":"/home/saketm/React/blinklist/src/components/molecules/Banner/Bleft/Bleft.tsx","statementMap":{"0":{"start":{"line":6,"column":14},"end":{"line":35,"column":1}},"1":{"start":{"line":7,"column":18},"end":{"line":7,"column":32}},"2":{"start":{"line":8,"column":2},"end":{"line":34,"column":4}}},"fnMap":{"0":{"name":"(anonymous_0)","decl":{"start":{"line":6,"column":14},"end":{"line":6,"column":15}},"loc":{"start":{"line":6,"column":20},"end":{"line":35,"column":1}},"line":6}},"branchMap":{},"s":{"0":4,"1":20,"2":20},"f":{"0":20},"b":{},"_coverageSchema":"1a1c01bbd47fc00a2c39e90264f33305004495a9","hash":"e1a39571894954b5b2aba8ee087d61cc25ab8a42"}
,"/home/saketm/React/blinklist/src/components/molecules/Cards/AddLibCard/index.tsx": {"path":"/home/saketm/React/blinklist/src/components/molecules/Cards/AddLibCard/index.tsx","statementMap":{"0":{"start":{"line":28,"column":14},"end":{"line":77,"column":1}},"1":{"start":{"line":29,"column":18},"end":{"line":29,"column":32}},"2":{"start":{"line":31,"column":2},"end":{"line":76,"column":4}},"3":{"start":{"line":73,"column":41},"end":{"line":73,"column":68}}},"fnMap":{"0":{"name":"(anonymous_0)","decl":{"start":{"line":28,"column":14},"end":{"line":28,"column":15}},"loc":{"start":{"line":28,"column":37},"end":{"line":77,"column":1}},"line":28},"1":{"name":"(anonymous_1)","decl":{"start":{"line":73,"column":35},"end":{"line":73,"column":36}},"loc":{"start":{"line":73,"column":41},"end":{"line":73,"column":68}},"line":73}},"branchMap":{},"s":{"0":6,"1":26,"2":26,"3":2},"f":{"0":26,"1":2},"b":{},"_coverageSchema":"1a1c01bbd47fc00a2c39e90264f33305004495a9","hash":"09cd0b283273e552a59d27da12b689ef013b46c4"}
,"/home/saketm/React/blinklist/src/components/molecules/Cards/RFCard/index.tsx": {"path":"/home/saketm/React/blinklist/src/components/molecules/Cards/RFCard/index.tsx","statementMap":{"0":{"start":{"line":21,"column":14},"end":{"line":333,"column":1}},"1":{"start":{"line":22,"column":18},"end":{"line":22,"column":32}},"2":{"start":{"line":23,"column":2},"end":{"line":332,"column":4}},"3":{"start":{"line":79,"column":29},"end":{"line":79,"column":72}},"4":{"start":{"line":91,"column":29},"end":{"line":91,"column":72}}},"fnMap":{"0":{"name":"(anonymous_0)","decl":{"start":{"line":21,"column":14},"end":{"line":21,"column":15}},"loc":{"start":{"line":21,"column":37},"end":{"line":333,"column":1}},"line":21},"1":{"name":"(anonymous_1)","decl":{"start":{"line":79,"column":23},"end":{"line":79,"column":24}},"loc":{"start":{"line":79,"column":29},"end":{"line":79,"column":72}},"line":79},"2":{"name":"(anonymous_2)","decl":{"start":{"line":91,"column":23},"end":{"line":91,"column":24}},"loc":{"start":{"line":91,"column":29},"end":{"line":91,"column":72}},"line":91}},"branchMap":{"0":{"loc":{"start":{"line":76,"column":11},"end":{"line":101,"column":11}},"type":"cond-expr","locations":[{"start":{"line":77,"column":12},"end":{"line":87,"column":22}},{"start":{"line":89,"column":12},"end":{"line":100,"column":22}}],"line":76},"1":{"loc":{"start":{"line":105,"column":9},"end":{"line":126,"column":9}},"type":"cond-expr","locations":[{"start":{"line":106,"column":10},"end":{"line":112,"column":13}},{"start":{"line":114,"column":10},"end":{"line":125,"column":17}}],"line":105}},"s":{"0":6,"1":8,"2":8,"3":2,"4":3},"f":{"0":8,"1":2,"2":3},"b":{"0":[2,6],"1":[2,6]},"_coverageSchema":"1a1c01bbd47fc00a2c39e90264f33305004495a9","hash":"0aa5136a10137c6e7790d255d50d5e0aa57865eb"}
,"/home/saketm/React/blinklist/src/components/molecules/Footer/index.tsx": {"path":"/home/saketm/React/blinklist/src/components/molecules/Footer/index.tsx","statementMap":{"0":{"start":{"line":8,"column":14},"end":{"line":45,"column":1}},"1":{"start":{"line":9,"column":18},"end":{"line":9,"column":32}},"2":{"start":{"line":10,"column":2},"end":{"line":44,"column":4}}},"fnMap":{"0":{"name":"(anonymous_0)","decl":{"start":{"line":8,"column":14},"end":{"line":8,"column":15}},"loc":{"start":{"line":8,"column":20},"end":{"line":45,"column":1}},"line":8}},"branchMap":{},"s":{"0":5,"1":33,"2":33},"f":{"0":33},"b":{},"_coverageSchema":"1a1c01bbd47fc00a2c39e90264f33305004495a9","hash":"689366b5de6416b869faa35290aa72295515f01a"}
,"/home/saketm/React/blinklist/src/components/molecules/Footer/Fleft/index.tsx": {"path":"/home/saketm/React/blinklist/src/components/molecules/Footer/Fleft/index.tsx","statementMap":{"0":{"start":{"line":8,"column":14},"end":{"line":36,"column":1}},"1":{"start":{"line":9,"column":18},"end":{"line":9,"column":32}},"2":{"start":{"line":10,"column":2},"end":{"line":35,"column":4}}},"fnMap":{"0":{"name":"(anonymous_0)","decl":{"start":{"line":8,"column":14},"end":{"line":8,"column":15}},"loc":{"start":{"line":8,"column":20},"end":{"line":36,"column":1}},"line":8}},"branchMap":{},"s":{"0":6,"1":34,"2":34},"f":{"0":34},"b":{},"_coverageSchema":"1a1c01bbd47fc00a2c39e90264f33305004495a9","hash":"e2974721ed1f1128dd286462e1bf37ed7764cb82"}
,"/home/saketm/React/blinklist/src/components/molecules/Footer/Fright/index.tsx": {"path":"/home/saketm/React/blinklist/src/components/molecules/Footer/Fright/index.tsx","statementMap":{"0":{"start":{"line":6,"column":14},"end":{"line":193,"column":1}},"1":{"start":{"line":7,"column":18},"end":{"line":7,"column":32}},"2":{"start":{"line":8,"column":2},"end":{"line":192,"column":4}}},"fnMap":{"0":{"name":"(anonymous_0)","decl":{"start":{"line":6,"column":14},"end":{"line":6,"column":15}},"loc":{"start":{"line":6,"column":20},"end":{"line":193,"column":1}},"line":6}},"branchMap":{},"s":{"0":6,"1":34,"2":34},"f":{"0":34},"b":{},"_coverageSchema":"1a1c01bbd47fc00a2c39e90264f33305004495a9","hash":"b5f30839d9a53b8d381b3349bfa85179304b71f4"}
,"/home/saketm/React/blinklist/src/components/molecules/IconWithText/index.tsx": {"path":"/home/saketm/React/blinklist/src/components/molecules/IconWithText/index.tsx","statementMap":{"0":{"start":{"line":19,"column":14},"end":{"line":58,"column":1}},"1":{"start":{"line":20,"column":18},"end":{"line":20,"column":32}},"2":{"start":{"line":21,"column":2},"end":{"line":57,"column":4}}},"fnMap":{"0":{"name":"(anonymous_0)","decl":{"start":{"line":19,"column":14},"end":{"line":19,"column":15}},"loc":{"start":{"line":19,"column":68},"end":{"line":58,"column":1}},"line":19}},"branchMap":{},"s":{"0":10,"1":84,"2":84},"f":{"0":84},"b":{},"_coverageSchema":"1a1c01bbd47fc00a2c39e90264f33305004495a9","hash":"f9f0c7a1353030b13f079c3b48f883d63c004a59"}
,"/home/saketm/React/blinklist/src/components/organisms/BookInfo/Index.tsx": {"path":"/home/saketm/React/blinklist/src/components/organisms/BookInfo/Index.tsx","statementMap":{"0":{"start":{"line":20,"column":14},"end":{"line":142,"column":1}},"1":{"start":{"line":21,"column":18},"end":{"line":21,"column":32}},"2":{"start":{"line":22,"column":30},"end":{"line":22,"column":49}},"3":{"start":{"line":27,"column":2},"end":{"line":29,"column":21}},"4":{"start":{"line":28,"column":4},"end":{"line":28,"column":29}},"5":{"start":{"line":31,"column":22},"end":{"line":39,"column":3}},"6":{"start":{"line":32,"column":22},"end":{"line":37,"column":5}},"7":{"start":{"line":38,"column":4},"end":{"line":38,"column":40}},"8":{"start":{"line":41,"column":2},"end":{"line":141,"column":4}}},"fnMap":{"0":{"name":"(anonymous_0)","decl":{"start":{"line":20,"column":14},"end":{"line":20,"column":15}},"loc":{"start":{"line":20,"column":40},"end":{"line":142,"column":1}},"line":20},"1":{"name":"(anonymous_1)","decl":{"start":{"line":27,"column":12},"end":{"line":27,"column":13}},"loc":{"start":{"line":27,"column":18},"end":{"line":29,"column":3}},"line":27},"2":{"name":"(anonymous_2)","decl":{"start":{"line":31,"column":22},"end":{"line":31,"column":23}},"loc":{"start":{"line":31,"column":34},"end":{"line":39,"column":3}},"line":31}},"branchMap":{"0":{"loc":{"start":{"line":108,"column":28},"end":{"line":108,"column":49}},"type":"cond-expr","locations":[{"start":{"line":108,"column":37},"end":{"line":108,"column":41}},{"start":{"line":108,"column":44},"end":{"line":108,"column":49}}],"line":108},"1":{"loc":{"start":{"line":119,"column":28},"end":{"line":119,"column":48}},"type":"cond-expr","locations":[{"start":{"line":119,"column":36},"end":{"line":119,"column":40}},{"start":{"line":119,"column":43},"end":{"line":119,"column":48}}],"line":119}},"s":{"0":3,"1":15,"2":15,"3":15,"4":7,"5":15,"6":1,"7":1,"8":15},"f":{"0":15,"1":7,"2":1},"b":{"0":[12,3],"1":[3,12]},"_coverageSchema":"1a1c01bbd47fc00a2c39e90264f33305004495a9","hash":"8cd13f4c3bd12e74c79c6b1d9273dbe74f6d9e59"}
,"/home/saketm/React/blinklist/src/components/organisms/CardsGrid/index.tsx": {"path":"/home/saketm/React/blinklist/src/components/organisms/CardsGrid/index.tsx","statementMap":{"0":{"start":{"line":27,"column":14},"end":{"line":51,"column":1}},"1":{"start":{"line":28,"column":2},"end":{"line":50,"column":4}},"2":{"start":{"line":31,"column":8},"end":{"line":47,"column":10}}},"fnMap":{"0":{"name":"(anonymous_0)","decl":{"start":{"line":27,"column":14},"end":{"line":27,"column":15}},"loc":{"start":{"line":27,"column":39},"end":{"line":51,"column":1}},"line":27},"1":{"name":"(anonymous_1)","decl":{"start":{"line":30,"column":25},"end":{"line":30,"column":26}},"loc":{"start":{"line":30,"column":45},"end":{"line":48,"column":7}},"line":30}},"branchMap":{"0":{"loc":{"start":{"line":33,"column":13},"end":{"line":45,"column":13}},"type":"cond-expr","locations":[{"start":{"line":34,"column":14},"end":{"line":38,"column":16}},{"start":{"line":40,"column":14},"end":{"line":44,"column":16}}],"line":33}},"s":{"0":5,"1":64,"2":31},"f":{"0":64,"1":31},"b":{"0":[25,6]},"_coverageSchema":"1a1c01bbd47fc00a2c39e90264f33305004495a9","hash":"dc20ac62d4a60dd09890c4adfb4a16e4e4fe6751"}
,"/home/saketm/React/blinklist/src/components/organisms/Explore/index.tsx": {"path":"/home/saketm/React/blinklist/src/components/organisms/Explore/index.tsx","statementMap":{"0":{"start":{"line":26,"column":17},"end":{"line":99,"column":1}},"1":{"start":{"line":105,"column":14},"end":{"line":184,"column":1}},"2":{"start":{"line":106,"column":18},"end":{"line":106,"column":32}},"3":{"start":{"line":107,"column":22},"end":{"line":118,"column":4}},"4":{"start":{"line":108,"column":4},"end":{"line":117,"column":6}},"5":{"start":{"line":120,"column":2},"end":{"line":183,"column":4}},"6":{"start":{"line":174,"column":12},"end":{"line":178,"column":14}}},"fnMap":{"0":{"name":"(anonymous_0)","decl":{"start":{"line":105,"column":14},"end":{"line":105,"column":15}},"loc":{"start":{"line":105,"column":43},"end":{"line":184,"column":1}},"line":105},"1":{"name":"(anonymous_1)","decl":{"start":{"line":107,"column":35},"end":{"line":107,"column":36}},"loc":{"start":{"line":107,"column":46},"end":{"line":118,"column":3}},"line":107},"2":{"name":"(anonymous_2)","decl":{"start":{"line":173,"column":27},"end":{"line":173,"column":28}},"loc":{"start":{"line":173,"column":44},"end":{"line":179,"column":11}},"line":173}},"branchMap":{},"s":{"0":6,"1":6,"2":45,"3":45,"4":810,"5":45,"6":810},"f":{"0":45,"1":810,"2":810},"b":{},"_coverageSchema":"1a1c01bbd47fc00a2c39e90264f33305004495a9","hash":"38b572db423eed82f4c12307379e3523df5ec97c"}
,"/home/saketm/React/blinklist/src/components/organisms/FunctionalGrid/index.tsx": {"path":"/home/saketm/React/blinklist/src/components/organisms/FunctionalGrid/index.tsx","statementMap":{"0":{"start":{"line":23,"column":14},"end":{"line":48,"column":1}},"1":{"start":{"line":24,"column":22},"end":{"line":41,"column":3}},"2":{"start":{"line":25,"column":22},"end":{"line":30,"column":5}},"3":{"start":{"line":31,"column":4},"end":{"line":31,"column":32}},"4":{"start":{"line":32,"column":4},"end":{"line":34,"column":5}},"5":{"start":{"line":33,"column":6},"end":{"line":33,"column":21}},"6":{"start":{"line":36,"column":22},"end":{"line":36,"column":71}},"7":{"start":{"line":37,"column":4},"end":{"line":37,"column":32}},"8":{"start":{"line":39,"column":4},"end":{"line":39,"column":31}},"9":{"start":{"line":40,"column":4},"end":{"line":40,"column":23}},"10":{"start":{"line":43,"column":2},"end":{"line":47,"column":4}}},"fnMap":{"0":{"name":"(anonymous_0)","decl":{"start":{"line":23,"column":14},"end":{"line":23,"column":15}},"loc":{"start":{"line":23,"column":70},"end":{"line":48,"column":1}},"line":23},"1":{"name":"(anonymous_1)","decl":{"start":{"line":24,"column":22},"end":{"line":24,"column":23}},"loc":{"start":{"line":24,"column":61},"end":{"line":41,"column":3}},"line":24}},"branchMap":{"0":{"loc":{"start":{"line":32,"column":4},"end":{"line":34,"column":5}},"type":"if","locations":[{"start":{"line":32,"column":4},"end":{"line":34,"column":5}},{"start":{},"end":{}}],"line":32}},"s":{"0":3,"1":7,"2":1,"3":1,"4":1,"5":1,"6":1,"7":1,"8":1,"9":1,"10":7},"f":{"0":7,"1":1},"b":{"0":[1,0]},"_coverageSchema":"1a1c01bbd47fc00a2c39e90264f33305004495a9","hash":"2ed5c2bc1f9faa75462fd00a4a30468986e589f6"}
,"/home/saketm/React/blinklist/src/components/organisms/Header/index.tsx": {"path":"/home/saketm/React/blinklist/src/components/organisms/Header/index.tsx","statementMap":{"0":{"start":{"line":19,"column":14},"end":{"line":156,"column":1}},"1":{"start":{"line":20,"column":29},"end":{"line":20,"column":44}},"2":{"start":{"line":21,"column":19},"end":{"line":21,"column":32}},"3":{"start":{"line":22,"column":18},"end":{"line":22,"column":32}},"4":{"start":{"line":23,"column":34},"end":{"line":23,"column":48}},"5":{"start":{"line":25,"column":2},"end":{"line":155,"column":4}},"6":{"start":{"line":70,"column":29},"end":{"line":70,"column":46}},"7":{"start":{"line":96,"column":27},"end":{"line":96,"column":40}},"8":{"start":{"line":112,"column":31},"end":{"line":112,"column":53}},"9":{"start":{"line":123,"column":41},"end":{"line":123,"column":65}}},"fnMap":{"0":{"name":"(anonymous_0)","decl":{"start":{"line":19,"column":14},"end":{"line":19,"column":15}},"loc":{"start":{"line":19,"column":20},"end":{"line":156,"column":1}},"line":19},"1":{"name":"(anonymous_1)","decl":{"start":{"line":70,"column":23},"end":{"line":70,"column":24}},"loc":{"start":{"line":70,"column":29},"end":{"line":70,"column":46}},"line":70},"2":{"name":"(anonymous_2)","decl":{"start":{"line":96,"column":21},"end":{"line":96,"column":22}},"loc":{"start":{"line":96,"column":27},"end":{"line":96,"column":40}},"line":96},"3":{"name":"(anonymous_3)","decl":{"start":{"line":112,"column":25},"end":{"line":112,"column":26}},"loc":{"start":{"line":112,"column":31},"end":{"line":112,"column":53}},"line":112},"4":{"name":"(anonymous_4)","decl":{"start":{"line":123,"column":35},"end":{"line":123,"column":36}},"loc":{"start":{"line":123,"column":41},"end":{"line":123,"column":65}},"line":123}},"branchMap":{"0":{"loc":{"start":{"line":69,"column":23},"end":{"line":69,"column":76}},"type":"cond-expr","locations":[{"start":{"line":69,"column":33},"end":{"line":69,"column":52}},{"start":{"line":69,"column":55},"end":{"line":69,"column":76}}],"line":69},"1":{"loc":{"start":{"line":120,"column":19},"end":{"line":120,"column":61}},"type":"cond-expr","locations":[{"start":{"line":120,"column":29},"end":{"line":120,"column":44}},{"start":{"line":120,"column":47},"end":{"line":120,"column":61}}],"line":120}},"s":{"0":5,"1":44,"2":44,"3":44,"4":44,"5":44,"6":5,"7":6,"8":0,"9":0},"f":{"0":44,"1":5,"2":6,"3":0,"4":0},"b":{"0":[11,33],"1":[11,33]},"_coverageSchema":"1a1c01bbd47fc00a2c39e90264f33305004495a9","hash":"2c770098c8c6fe0fe9502a11bd21386b88c8fd9b"}
,"/home/saketm/React/blinklist/src/components/pages/BookDetailPage/index.tsx": {"path":"/home/saketm/React/blinklist/src/components/pages/BookDetailPage/index.tsx","statementMap":{"0":{"start":{"line":17,"column":14},"end":{"line":113,"column":1}},"1":{"start":{"line":18,"column":18},"end":{"line":18,"column":32}},"2":{"start":{"line":20,"column":28},"end":{"line":20,"column":41}},"3":{"start":{"line":21,"column":23},"end":{"line":23,"column":3}},"4":{"start":{"line":22,"column":4},"end":{"line":22,"column":23}},"5":{"start":{"line":25,"column":17},"end":{"line":25,"column":28}},"6":{"start":{"line":26,"column":2},"end":{"line":26,"column":30}},"7":{"start":{"line":28,"column":28},"end":{"line":28,"column":47}},"8":{"start":{"line":30,"column":2},"end":{"line":36,"column":9}},"9":{"start":{"line":31,"column":4},"end":{"line":35,"column":7}},"10":{"start":{"line":32,"column":6},"end":{"line":32,"column":25}},"11":{"start":{"line":33,"column":6},"end":{"line":33,"column":28}},"12":{"start":{"line":34,"column":6},"end":{"line":34,"column":25}},"13":{"start":{"line":38,"column":2},"end":{"line":112,"column":4}}},"fnMap":{"0":{"name":"(anonymous_0)","decl":{"start":{"line":17,"column":14},"end":{"line":17,"column":15}},"loc":{"start":{"line":17,"column":20},"end":{"line":113,"column":1}},"line":17},"1":{"name":"(anonymous_1)","decl":{"start":{"line":21,"column":23},"end":{"line":21,"column":24}},"loc":{"start":{"line":21,"column":74},"end":{"line":23,"column":3}},"line":21},"2":{"name":"(anonymous_2)","decl":{"start":{"line":30,"column":12},"end":{"line":30,"column":13}},"loc":{"start":{"line":30,"column":18},"end":{"line":36,"column":3}},"line":30},"3":{"name":"(anonymous_3)","decl":{"start":{"line":31,"column":59},"end":{"line":31,"column":60}},"loc":{"start":{"line":31,"column":68},"end":{"line":35,"column":5}},"line":31}},"branchMap":{},"s":{"0":2,"1":9,"2":8,"3":8,"4":0,"5":8,"6":8,"7":8,"8":8,"9":4,"10":4,"11":4,"12":4,"13":8},"f":{"0":9,"1":0,"2":4,"3":4},"b":{},"_coverageSchema":"1a1c01bbd47fc00a2c39e90264f33305004495a9","hash":"e0e816a6b401ff73ce696e5d34ff85c9babb68bb"}
,"/home/saketm/React/blinklist/src/components/pages/ExplorePage/Index.tsx": {"path":"/home/saketm/React/blinklist/src/components/pages/ExplorePage/Index.tsx","statementMap":{"0":{"start":{"line":18,"column":14},"end":{"line":119,"column":1}},"1":{"start":{"line":19,"column":18},"end":{"line":19,"column":32}},"2":{"start":{"line":20,"column":19},"end":{"line":20,"column":32}},"3":{"start":{"line":22,"column":34},"end":{"line":22,"column":46}},"4":{"start":{"line":23,"column":2},"end":{"line":27,"column":9}},"5":{"start":{"line":24,"column":4},"end":{"line":26,"column":7}},"6":{"start":{"line":25,"column":6},"end":{"line":25,"column":28}},"7":{"start":{"line":29,"column":36},"end":{"line":29,"column":48}},"8":{"start":{"line":30,"column":2},"end":{"line":34,"column":9}},"9":{"start":{"line":31,"column":4},"end":{"line":33,"column":7}},"10":{"start":{"line":32,"column":6},"end":{"line":32,"column":29}},"11":{"start":{"line":36,"column":34},"end":{"line":36,"column":46}},"12":{"start":{"line":37,"column":2},"end":{"line":41,"column":9}},"13":{"start":{"line":38,"column":4},"end":{"line":40,"column":7}},"14":{"start":{"line":39,"column":6},"end":{"line":39,"column":28}},"15":{"start":{"line":43,"column":22},"end":{"line":46,"column":3}},"16":{"start":{"line":44,"column":4},"end":{"line":44,"column":20}},"17":{"start":{"line":45,"column":4},"end":{"line":45,"column":38}},"18":{"start":{"line":48,"column":2},"end":{"line":118,"column":4}}},"fnMap":{"0":{"name":"(anonymous_0)","decl":{"start":{"line":18,"column":14},"end":{"line":18,"column":15}},"loc":{"start":{"line":18,"column":20},"end":{"line":119,"column":1}},"line":18},"1":{"name":"(anonymous_1)","decl":{"start":{"line":23,"column":12},"end":{"line":23,"column":13}},"loc":{"start":{"line":23,"column":18},"end":{"line":27,"column":3}},"line":23},"2":{"name":"(anonymous_2)","decl":{"start":{"line":24,"column":59},"end":{"line":24,"column":60}},"loc":{"start":{"line":24,"column":68},"end":{"line":26,"column":5}},"line":24},"3":{"name":"(anonymous_3)","decl":{"start":{"line":30,"column":12},"end":{"line":30,"column":13}},"loc":{"start":{"line":30,"column":18},"end":{"line":34,"column":3}},"line":30},"4":{"name":"(anonymous_4)","decl":{"start":{"line":31,"column":54},"end":{"line":31,"column":55}},"loc":{"start":{"line":31,"column":63},"end":{"line":33,"column":5}},"line":31},"5":{"name":"(anonymous_5)","decl":{"start":{"line":37,"column":12},"end":{"line":37,"column":13}},"loc":{"start":{"line":37,"column":18},"end":{"line":41,"column":3}},"line":37},"6":{"name":"(anonymous_6)","decl":{"start":{"line":38,"column":53},"end":{"line":38,"column":54}},"loc":{"start":{"line":38,"column":62},"end":{"line":40,"column":5}},"line":38},"7":{"name":"(anonymous_7)","decl":{"start":{"line":43,"column":22},"end":{"line":43,"column":23}},"loc":{"start":{"line":43,"column":38},"end":{"line":46,"column":3}},"line":43}},"branchMap":{},"s":{"0":2,"1":19,"2":18,"3":18,"4":18,"5":4,"6":4,"7":18,"8":18,"9":4,"10":4,"11":18,"12":18,"13":4,"14":4,"15":18,"16":0,"17":0,"18":18},"f":{"0":19,"1":4,"2":4,"3":4,"4":4,"5":4,"6":4,"7":0},"b":{},"_coverageSchema":"1a1c01bbd47fc00a2c39e90264f33305004495a9","hash":"164c6b95388021ee710d1f6bdbc3395a10264d4e"}
,"/home/saketm/React/blinklist/src/components/pages/Landing Page/index.tsx": {"path":"/home/saketm/React/blinklist/src/components/pages/Landing Page/index.tsx","statementMap":{"0":{"start":{"line":18,"column":14},"end":{"line":97,"column":1}},"1":{"start":{"line":19,"column":18},"end":{"line":19,"column":32}},"2":{"start":{"line":21,"column":28},"end":{"line":21,"column":41}},"3":{"start":{"line":22,"column":23},"end":{"line":24,"column":3}},"4":{"start":{"line":23,"column":4},"end":{"line":23,"column":23}},"5":{"start":{"line":26,"column":23},"end":{"line":33,"column":3}},"6":{"start":{"line":27,"column":4},"end":{"line":32,"column":7}},"7":{"start":{"line":28,"column":23},"end":{"line":28,"column":31}},"8":{"start":{"line":30,"column":6},"end":{"line":30,"column":25}},"9":{"start":{"line":31,"column":6},"end":{"line":31,"column":25}},"10":{"start":{"line":35,"column":28},"end":{"line":35,"column":52}},"11":{"start":{"line":36,"column":2},"end":{"line":38,"column":9}},"12":{"start":{"line":37,"column":4},"end":{"line":37,"column":19}},"13":{"start":{"line":40,"column":2},"end":{"line":96,"column":4}},"14":{"start":{"line":80,"column":45},"end":{"line":80,"column":56}},"15":{"start":{"line":87,"column":45},"end":{"line":87,"column":55}}},"fnMap":{"0":{"name":"(anonymous_0)","decl":{"start":{"line":18,"column":14},"end":{"line":18,"column":15}},"loc":{"start":{"line":18,"column":20},"end":{"line":97,"column":1}},"line":18},"1":{"name":"(anonymous_1)","decl":{"start":{"line":22,"column":23},"end":{"line":22,"column":24}},"loc":{"start":{"line":22,"column":74},"end":{"line":24,"column":3}},"line":22},"2":{"name":"(anonymous_2)","decl":{"start":{"line":26,"column":23},"end":{"line":26,"column":24}},"loc":{"start":{"line":26,"column":29},"end":{"line":33,"column":3}},"line":26},"3":{"name":"(anonymous_3)","decl":{"start":{"line":27,"column":53},"end":{"line":27,"column":54}},"loc":{"start":{"line":27,"column":62},"end":{"line":32,"column":5}},"line":27},"4":{"name":"(anonymous_4)","decl":{"start":{"line":36,"column":12},"end":{"line":36,"column":13}},"loc":{"start":{"line":36,"column":18},"end":{"line":38,"column":3}},"line":36},"5":{"name":"(anonymous_5)","decl":{"start":{"line":80,"column":38},"end":{"line":80,"column":39}},"loc":{"start":{"line":80,"column":45},"end":{"line":80,"column":56}},"line":80},"6":{"name":"(anonymous_6)","decl":{"start":{"line":87,"column":38},"end":{"line":87,"column":39}},"loc":{"start":{"line":87,"column":45},"end":{"line":87,"column":55}},"line":87}},"branchMap":{},"s":{"0":2,"1":7,"2":6,"3":6,"4":0,"5":6,"6":3,"7":3,"8":3,"9":3,"10":6,"11":6,"12":3,"13":6,"14":3,"15":3},"f":{"0":7,"1":0,"2":3,"3":3,"4":3,"5":3,"6":3},"b":{},"_coverageSchema":"1a1c01bbd47fc00a2c39e90264f33305004495a9","hash":"d695691ad6d918b6fa3ce23c47e4b6dd074f4347"}
,"/home/saketm/React/blinklist/src/components/pages/LoginPage/LoginPage.tsx": {"path":"/home/saketm/React/blinklist/src/components/pages/LoginPage/LoginPage.tsx","statementMap":{"0":{"start":{"line":8,"column":32},"end":{"line":8,"column":42}},"1":{"start":{"line":9,"column":2},"end":{"line":48,"column":4}},"2":{"start":{"line":34,"column":51},"end":{"line":34,"column":70}},"3":{"start":{"line":42,"column":25},"end":{"line":42,"column":69}}},"fnMap":{"0":{"name":"LoginPage","decl":{"start":{"line":7,"column":24},"end":{"line":7,"column":33}},"loc":{"start":{"line":7,"column":36},"end":{"line":49,"column":1}},"line":7},"1":{"name":"(anonymous_1)","decl":{"start":{"line":34,"column":45},"end":{"line":34,"column":46}},"loc":{"start":{"line":34,"column":51},"end":{"line":34,"column":70}},"line":34},"2":{"name":"(anonymous_2)","decl":{"start":{"line":42,"column":19},"end":{"line":42,"column":20}},"loc":{"start":{"line":42,"column":25},"end":{"line":42,"column":69}},"line":42}},"branchMap":{},"s":{"0":1,"1":1,"2":0,"3":0},"f":{"0":1,"1":0,"2":0},"b":{},"_coverageSchema":"1a1c01bbd47fc00a2c39e90264f33305004495a9","hash":"de29a7d5d1afd1929275d9afea874bf64555d3fd"}
,"/home/saketm/React/blinklist/src/components/templates/Template1.tsx": {"path":"/home/saketm/React/blinklist/src/components/templates/Template1.tsx","statementMap":{"0":{"start":{"line":10,"column":18},"end":{"line":80,"column":1}},"1":{"start":{"line":11,"column":2},"end":{"line":79,"column":4}}},"fnMap":{"0":{"name":"(anonymous_0)","decl":{"start":{"line":10,"column":18},"end":{"line":10,"column":19}},"loc":{"start":{"line":10,"column":66},"end":{"line":80,"column":1}},"line":10}},"branchMap":{},"s":{"0":4,"1":32},"f":{"0":32},"b":{},"_coverageSchema":"1a1c01bbd47fc00a2c39e90264f33305004495a9","hash":"7cebf42c870cd23330fe5949906c8af143c00017"}
,"/home/saketm/React/blinklist/src/theme/index.tsx": {"path":"/home/saketm/React/blinklist/src/theme/index.tsx","statementMap":{"0":{"start":{"line":28,"column":20},"end":{"line":82,"column":2}},"1":{"start":{"line":85,"column":19},"end":{"line":261,"column":2}}},"fnMap":{},"branchMap":{},"s":{"0":18,"1":18},"f":{},"b":{},"_coverageSchema":"1a1c01bbd47fc00a2c39e90264f33305004495a9","hash":"93cc0bcbefea7e8a96c51af7600a83efeec1baa4"}
}
