TN:
SF:src/components/atoms/Avatar/index.tsx
FN:7,(anonymous_0)
FNF:1
FNH:1
FNDA:1,(anonymous_0)
DA:7,1
DA:8,1
LF:2
LH:2
BRF:0
BRH:0
end_of_record
TN:
SF:src/components/atoms/Buttons/Buttons.tsx
FN:15,(anonymous_0)
FNF:1
FNH:1
FNDA:20,(anonymous_0)
DA:15,1
DA:16,20
LF:2
LH:2
BRF:0
BRH:0
end_of_record
TN:
SF:src/components/atoms/CustomTypo/index.tsx
FN:22,(anonymous_0)
FNF:1
FNH:1
FNDA:22,(anonymous_0)
DA:22,1
DA:23,22
LF:2
LH:2
BRF:0
BRH:0
end_of_record
TN:
SF:src/components/molecules/AvatarWithIcon/index.tsx
FN:6,(anonymous_0)
FNF:1
FNH:1
FNDA:1,(anonymous_0)
DA:6,1
DA:7,1
LF:2
LH:2
BRF:0
BRH:0
end_of_record
TN:
SF:src/components/organisms/Explore/index.tsx
FN:105,(anonymous_0)
FN:107,(anonymous_1)
FN:173,(anonymous_2)
FNF:3
FNH:3
FNDA:1,(anonymous_0)
FNDA:18,(anonymous_1)
FNDA:18,(anonymous_2)
DA:26,1
DA:105,1
DA:106,1
DA:107,1
DA:108,18
DA:120,1
DA:174,18
LF:7
LH:7
BRF:0
BRH:0
end_of_record
TN:
SF:src/components/organisms/Header/index.tsx
FN:19,(anonymous_0)
FN:69,(anonymous_1)
FN:95,(anonymous_2)
FN:117,(anonymous_3)
FNF:4
FNH:1
FNDA:2,(anonymous_0)
FNDA:0,(anonymous_1)
FNDA:0,(anonymous_2)
FNDA:0,(anonymous_3)
DA:19,1
DA:20,2
DA:21,1
DA:22,1
DA:24,1
DA:69,0
DA:95,0
DA:117,0
LF:8
LH:5
BRDA:68,0,0,0
BRDA:68,0,1,1
BRDA:115,1,0,0
BRDA:115,1,1,1
BRF:4
BRH:2
end_of_record
TN:
SF:src/theme/index.tsx
FNF:0
FNH:0
DA:28,1
DA:85,1
LF:2
LH:2
BRF:0
BRH:0
end_of_record
