TN:
SF:src/App.tsx
FN:14,App
FNF:1
FNH:1
FNDA:4,App
DA:15,4
LF:1
LH:1
BRF:0
BRH:0
end_of_record
TN:
SF:src/components/atoms/Avatar/index.tsx
FN:7,(anonymous_0)
FNF:1
FNH:1
FNDA:8,(anonymous_0)
DA:7,1
DA:8,8
LF:2
LH:2
BRF:0
BRH:0
end_of_record
TN:
SF:src/components/atoms/Buttons/Buttons.tsx
FN:15,(anonymous_0)
FNF:1
FNH:1
FNDA:163,(anonymous_0)
DA:15,1
DA:16,163
LF:2
LH:2
BRF:0
BRH:0
end_of_record
TN:
SF:src/components/atoms/CustomTypo/index.tsx
FN:22,(anonymous_0)
FNF:1
FNH:1
FNDA:305,(anonymous_0)
DA:22,1
DA:23,305
LF:2
LH:2
BRF:0
BRH:0
end_of_record
TN:
SF:src/components/molecules/AddToLibrary/index.tsx
FN:15,(anonymous_0)
FN:23,(anonymous_1)
FNF:2
FNH:0
FNDA:0,(anonymous_0)
FNDA:0,(anonymous_1)
DA:15,1
DA:16,0
DA:17,0
DA:23,0
LF:4
LH:1
BRF:0
BRH:0
end_of_record
TN:
SF:src/components/molecules/AvatarWithIcon/index.tsx
FN:6,(anonymous_0)
FNF:1
FNH:1
FNDA:8,(anonymous_0)
DA:6,1
DA:7,8
LF:2
LH:2
BRF:0
BRH:0
end_of_record
TN:
SF:src/components/molecules/Banner/Banner.tsx
FN:8,(anonymous_0)
FNF:1
FNH:0
FNDA:0,(anonymous_0)
DA:8,1
DA:9,0
DA:10,0
LF:3
LH:1
BRF:0
BRH:0
end_of_record
TN:
SF:src/components/molecules/Banner/Bleft/Bleft.tsx
FN:6,(anonymous_0)
FNF:1
FNH:0
FNDA:0,(anonymous_0)
DA:6,1
DA:7,0
DA:8,0
LF:3
LH:1
BRF:0
BRH:0
end_of_record
TN:
SF:src/components/molecules/Cards/AddLibCard/index.tsx
FN:28,(anonymous_0)
FN:73,(anonymous_1)
FNF:2
FNH:0
FNDA:0,(anonymous_0)
FNDA:0,(anonymous_1)
DA:28,1
DA:29,0
DA:31,0
DA:73,0
LF:4
LH:1
BRF:0
BRH:0
end_of_record
TN:
SF:src/components/molecules/Cards/RFCard/index.tsx
FN:21,(anonymous_0)
FN:79,(anonymous_1)
FN:91,(anonymous_2)
FNF:3
FNH:1
FNDA:3,(anonymous_0)
FNDA:0,(anonymous_1)
FNDA:0,(anonymous_2)
DA:21,1
DA:22,3
DA:23,3
DA:79,0
DA:91,0
LF:5
LH:3
BRDA:76,0,0,0
BRDA:76,0,1,3
BRDA:105,1,0,0
BRDA:105,1,1,3
BRF:4
BRH:2
end_of_record
TN:
SF:src/components/molecules/Footer/index.tsx
FN:8,(anonymous_0)
FNF:1
FNH:1
FNDA:6,(anonymous_0)
DA:8,1
DA:9,6
DA:10,6
LF:3
LH:3
BRF:0
BRH:0
end_of_record
TN:
SF:src/components/molecules/Footer/Fleft/index.tsx
FN:8,(anonymous_0)
FNF:1
FNH:1
FNDA:6,(anonymous_0)
DA:8,1
DA:9,6
DA:10,6
LF:3
LH:3
BRF:0
BRH:0
end_of_record
TN:
SF:src/components/molecules/Footer/Fright/index.tsx
FN:6,(anonymous_0)
FNF:1
FNH:1
FNDA:6,(anonymous_0)
DA:6,1
DA:7,6
DA:8,6
LF:3
LH:3
BRF:0
BRH:0
end_of_record
TN:
SF:src/components/molecules/IconWithText/index.tsx
FN:19,(anonymous_0)
FNF:1
FNH:1
FNDA:6,(anonymous_0)
DA:19,1
DA:20,6
DA:21,6
LF:3
LH:3
BRF:0
BRH:0
end_of_record
TN:
SF:src/components/organisms/BookInfo/Index.tsx
FN:20,(anonymous_0)
FN:27,(anonymous_1)
FN:31,(anonymous_2)
FNF:3
FNH:0
FNDA:0,(anonymous_0)
FNDA:0,(anonymous_1)
FNDA:0,(anonymous_2)
DA:20,1
DA:21,0
DA:22,0
DA:27,0
DA:28,0
DA:31,0
DA:32,0
DA:38,0
DA:41,0
LF:9
LH:1
BRDA:108,0,0,0
BRDA:108,0,1,0
BRDA:119,1,0,0
BRDA:119,1,1,0
BRF:4
BRH:0
end_of_record
TN:
SF:src/components/organisms/CardsGrid/index.tsx
FN:27,(anonymous_0)
FN:30,(anonymous_1)
FNF:2
FNH:2
FNDA:6,(anonymous_0)
FNDA:3,(anonymous_1)
DA:27,1
DA:28,6
DA:31,3
LF:3
LH:3
BRDA:33,0,0,0
BRDA:33,0,1,3
BRF:2
BRH:1
end_of_record
TN:
SF:src/components/organisms/Explore/index.tsx
FN:105,(anonymous_0)
FN:107,(anonymous_1)
FN:173,(anonymous_2)
FNF:3
FNH:3
FNDA:8,(anonymous_0)
FNDA:144,(anonymous_1)
FNDA:144,(anonymous_2)
DA:26,1
DA:105,1
DA:106,8
DA:107,8
DA:108,144
DA:120,8
DA:174,144
LF:7
LH:7
BRF:0
BRH:0
end_of_record
TN:
SF:src/components/organisms/FunctionalGrid/index.tsx
FN:23,(anonymous_0)
FN:24,(anonymous_1)
FNF:2
FNH:1
FNDA:6,(anonymous_0)
FNDA:0,(anonymous_1)
DA:23,1
DA:24,6
DA:25,0
DA:31,0
DA:32,0
DA:33,0
DA:36,0
DA:37,0
DA:39,0
DA:40,0
DA:43,6
LF:11
LH:3
BRDA:32,0,0,0
BRDA:32,0,1,0
BRF:2
BRH:0
end_of_record
TN:
SF:src/components/organisms/Header/index.tsx
FN:19,(anonymous_0)
FN:69,(anonymous_1)
FN:95,(anonymous_2)
FN:119,(anonymous_3)
FNF:4
FNH:3
FNDA:8,(anonymous_0)
FNDA:1,(anonymous_1)
FNDA:1,(anonymous_2)
FNDA:0,(anonymous_3)
DA:19,1
DA:20,8
DA:21,8
DA:22,8
DA:24,8
DA:69,1
DA:95,1
DA:119,0
LF:8
LH:7
BRDA:68,0,0,2
BRDA:68,0,1,6
BRDA:116,1,0,2
BRDA:116,1,1,6
BRF:4
BRH:4
end_of_record
TN:
SF:src/components/pages/BookDetailPage/index.tsx
FN:17,(anonymous_0)
FN:21,(anonymous_1)
FN:30,(anonymous_2)
FN:31,(anonymous_3)
FNF:4
FNH:0
FNDA:0,(anonymous_0)
FNDA:0,(anonymous_1)
FNDA:0,(anonymous_2)
FNDA:0,(anonymous_3)
DA:17,1
DA:18,0
DA:20,0
DA:21,0
DA:22,0
DA:25,0
DA:26,0
DA:28,0
DA:30,0
DA:31,0
DA:32,0
DA:33,0
DA:34,0
DA:38,0
LF:14
LH:1
BRF:0
BRH:0
end_of_record
TN:
SF:src/components/pages/ExplorePage/Index.tsx
FN:18,(anonymous_0)
FN:23,(anonymous_1)
FN:24,(anonymous_2)
FN:30,(anonymous_3)
FN:31,(anonymous_4)
FN:37,(anonymous_5)
FN:38,(anonymous_6)
FN:43,(anonymous_7)
FNF:8
FNH:0
FNDA:0,(anonymous_0)
FNDA:0,(anonymous_1)
FNDA:0,(anonymous_2)
FNDA:0,(anonymous_3)
FNDA:0,(anonymous_4)
FNDA:0,(anonymous_5)
FNDA:0,(anonymous_6)
FNDA:0,(anonymous_7)
DA:18,1
DA:19,0
DA:20,0
DA:22,0
DA:23,0
DA:24,0
DA:25,0
DA:29,0
DA:30,0
DA:31,0
DA:32,0
DA:36,0
DA:37,0
DA:38,0
DA:39,0
DA:43,0
DA:44,0
DA:45,0
DA:48,0
LF:19
LH:1
BRF:0
BRH:0
end_of_record
TN:
SF:src/components/pages/Landing Page/index.tsx
FN:18,(anonymous_0)
FN:22,(anonymous_1)
FN:26,(anonymous_2)
FN:27,(anonymous_3)
FN:36,(anonymous_4)
FN:80,(anonymous_5)
FN:87,(anonymous_6)
FNF:7
FNH:6
FNDA:7,(anonymous_0)
FNDA:0,(anonymous_1)
FNDA:3,(anonymous_2)
FNDA:3,(anonymous_3)
FNDA:3,(anonymous_4)
FNDA:3,(anonymous_5)
FNDA:3,(anonymous_6)
DA:18,1
DA:19,7
DA:21,6
DA:22,6
DA:23,0
DA:26,6
DA:27,3
DA:28,3
DA:30,3
DA:31,3
DA:35,6
DA:36,6
DA:37,3
DA:40,6
DA:80,3
DA:87,3
LF:16
LH:15
BRF:0
BRH:0
end_of_record
TN:
SF:src/components/templates/Template1.tsx
FN:10,(anonymous_0)
FNF:1
FNH:1
FNDA:6,(anonymous_0)
DA:10,1
DA:11,6
LF:2
LH:2
BRF:0
BRH:0
end_of_record
TN:
SF:src/theme/index.tsx
FNF:0
FNH:0
DA:28,1
DA:85,1
LF:2
LH:2
BRF:0
BRH:0
end_of_record
